[debug] [2023-06-02T05:14:21.017Z] ----------------------------------------------------------------------
[debug] [2023-06-02T05:14:21.019Z] Command:       C:\Program Files\nodejs\node.exe C:\Program Files\nodejs\node_modules\firebase-tools\lib\bin\firebase.js init
[debug] [2023-06-02T05:14:21.020Z] CLI Version:   12.1.0
[debug] [2023-06-02T05:14:21.020Z] Platform:      win32
[debug] [2023-06-02T05:14:21.021Z] Node Version:  v16.17.0
[debug] [2023-06-02T05:14:21.022Z] Time:          Fri Jun 02 2023 00:14:21 GMT-0500 (hora estándar de Colombia)
[debug] [2023-06-02T05:14:21.022Z] ----------------------------------------------------------------------
[debug] 
[debug] [2023-06-02T05:14:21.027Z] >>> [apiv2][query] GET https://firebase-public.firebaseio.com/cli.json [none]
[debug] [2023-06-02T05:14:21.158Z] > command requires scopes: ["email","openid","https://www.googleapis.com/auth/cloudplatformprojects.readonly","https://www.googleapis.com/auth/firebase","https://www.googleapis.com/auth/cloud-platform"]
[debug] [2023-06-02T05:14:21.158Z] > authorizing via signed-in user (camilocastrillon10@gmail.com)
[info] 
     ######## #### ########  ######## ########     ###     ######  ########
     ##        ##  ##     ## ##       ##     ##  ##   ##  ##       ##
     ######    ##  ########  ######   ########  #########  ######  ######
     ##        ##  ##    ##  ##       ##     ## ##     ##       ## ##
     ##       #### ##     ## ######## ########  ##     ##  ######  ########

You're about to initialize a Firebase project in this directory:

  D:\laptops-inventory

Before we get started, keep in mind:

  * You are initializing within an existing Firebase project directory

[debug] [2023-06-02T05:14:21.467Z] <<< [apiv2][status] GET https://firebase-public.firebaseio.com/cli.json 200
[debug] [2023-06-02T05:14:21.469Z] <<< [apiv2][body] GET https://firebase-public.firebaseio.com/cli.json {"cloudBuildErrorAfter":1594252800000,"cloudBuildWarnAfter":1590019200000,"defaultNode10After":1594252800000,"minVersion":"3.0.5","node8DeploysDisabledAfter":1613390400000,"node8RuntimeDisabledAfter":1615809600000,"node8WarnAfter":1600128000000}
